<?xml version="1.0" encoding="UTF-8"?>
<testsuite name="ryanchelseapartoneapi.tests.users.UpdateUser" tests="1" skipped="0" failures="0" errors="0" timestamp="2024-03-06T06:25:47" hostname="CHELSEAL-LP" time="1.488">
  <properties/>
  <testcase name="updateCurrentUser" classname="ryanchelseapartoneapi.tests.users.UpdateUser" time="1.488"/>
  <system-out><![CDATA[Request method:	PUT
Request URI:	https://bankground.apimate.eu/me
Proxy:			<none>
Request params:	<none>
Query params:	<none>
Form params:	<none>
Path params:	<none>
Headers:		Authorization=Bearer eyJhbGciOiJIUzI1NiIsInR5cCI6IkpXVCJ9.eyJzdWIiOiJGbGF2aW9fV3Vja2VydDE2QGhvdG1haWwuY29tIiwiZXhwIjoxNzA5NzkyNzQ3fQ.LaDT2diYgYN4Zwc_F7DCb4FL-6xh_oQa-vVNcn1CD1w
				Accept=*/*
				Content-Type=application/json
Cookies:		<none>
Multiparts:		<none>
Body:
{
    "company": "updatedCompanyName"
}
]]></system-out>
  <system-err><![CDATA[]]></system-err>
</testsuite>
