<?xml version="1.0" encoding="UTF-8"?>
<testsuite name="ryanchelseapartoneapi.tests.accounts.GetAllAccounts" tests="1" skipped="0" failures="0" errors="0" timestamp="2024-03-06T06:25:36" hostname="CHELSEAL-LP" time="1.43">
  <properties/>
  <testcase name="viewAllAccounts" classname="ryanchelseapartoneapi.tests.accounts.GetAllAccounts" time="1.43"/>
  <system-out><![CDATA[Request method:	GET
Request URI:	https://bankground.apimate.eu/accounts
Proxy:			<none>
Request params:	<none>
Query params:	<none>
Form params:	<none>
Path params:	<none>
Headers:		Authorization=Bearer eyJhbGciOiJIUzI1NiIsInR5cCI6IkpXVCJ9.eyJzdWIiOiJGbGF2aW9fV3Vja2VydDE2QGhvdG1haWwuY29tIiwiZXhwIjoxNzA5NzkyNzM3fQ.3MsNUncKtohYlnX96QSjuIQ1FBmqDc5M_SbDt8p7HAY
				Accept=*/*
				Content-Type=application/json
Cookies:		<none>
Multiparts:		<none>
Body:			<none>
]]></system-out>
  <system-err><![CDATA[]]></system-err>
</testsuite>
