<?xml version="1.0" encoding="UTF-8"?>
<testsuite name="ryanchelseapartoneapi.tests.accounts.CreateANewAccount" tests="1" skipped="0" failures="0" errors="0" timestamp="2024-03-06T06:25:25" hostname="CHELSEAL-LP" time="4.163">
  <properties/>
  <testcase name="createNewAccount" classname="ryanchelseapartoneapi.tests.accounts.CreateANewAccount" time="4.163"/>
  <system-out><![CDATA[Request method:	POST
Request URI:	https://bankground.apimate.eu/accounts
Proxy:			<none>
Request params:	<none>
Query params:	<none>
Form params:	<none>
Path params:	<none>
Headers:		Authorization=Bearer eyJhbGciOiJIUzI1NiIsInR5cCI6IkpXVCJ9.eyJzdWIiOiJGbGF2aW9fV3Vja2VydDE2QGhvdG1haWwuY29tIiwiZXhwIjoxNzA5NzkyNzI3fQ.VG8rnBPgXVm3uWGMxwHWB8QGzG5mLGkD7WCJq4VCK9Y
				Accept=*/*
				Content-Type=application/json
Cookies:		<none>
Multiparts:		<none>
Body:
{
    "balance": 1000,
    "account_name": "accountName"
}
HTTP/1.1 201 Created
Date: Wed, 06 Mar 2024 06:25:27 GMT
Server: Apache
content-length: 202
content-type: application/json
Keep-Alive: timeout=5, max=100
Connection: Keep-Alive

{
    "id": 369,
    "account_name": "accountName",
    "balance": 1000,
    "currency": "EUR",
    "iban": "GB44VNAE59951956103290",
    "created_at": "2024-03-06T06:25:28.670025+00:00",
    "last_activity": "2024-03-06T06:25:28.670035+00:00"
}
]]></system-out>
  <system-err><![CDATA[]]></system-err>
</testsuite>
