<?xml version="1.0" encoding="UTF-8"?>
<testsuite name="ryanchelseapartoneapi.tests.accounts.CreateANewAccount" tests="1" skipped="0" failures="0" errors="0" timestamp="2024-03-08T06:26:28" hostname="CHELSEAL-LP" time="6.203">
  <properties/>
  <testcase name="createNewAccount" classname="ryanchelseapartoneapi.tests.accounts.CreateANewAccount" time="6.203"/>
  <system-out><![CDATA[Request method:	POST
Request URI:	https://bankground.apimate.eu/accounts
Proxy:			<none>
Request params:	<none>
Query params:	<none>
Form params:	<none>
Path params:	<none>
Headers:		Authorization=Bearer eyJhbGciOiJIUzI1NiIsInR5cCI6IkpXVCJ9.eyJzdWIiOiJGbGF2aW9fV3Vja2VydDE2QGhvdG1haWwuY29tIiwiZXhwIjoxNzA5OTY1NTkxfQ.-ufpOy4ftuw386xM59bYjTT4coAlN2dt7b6lBEHoYfM
				Accept=*/*
				Content-Type=application/json
Cookies:		<none>
Multiparts:		<none>
Body:
{
    "balance": 1000,
    "account_name": "accountName"
}
]]></system-out>
  <system-err><![CDATA[]]></system-err>
</testsuite>
