<?xml version="1.0" encoding="UTF-8"?>
<testsuite name="ryanchelseapartoneapi.tests.accounts.DeleteAccount" tests="1" skipped="0" failures="0" errors="0" timestamp="2024-03-06T06:25:29" hostname="CHELSEAL-LP" time="4.492">
  <properties/>
  <testcase name="deleteAccount" classname="ryanchelseapartoneapi.tests.accounts.DeleteAccount" time="4.492"/>
  <system-out><![CDATA[Request method:	POST
Request URI:	https://bankground.apimate.eu/accounts
Proxy:			<none>
Request params:	<none>
Query params:	<none>
Form params:	<none>
Path params:	<none>
Headers:		Authorization=Bearer eyJhbGciOiJIUzI1NiIsInR5cCI6IkpXVCJ9.eyJzdWIiOiJGbGF2aW9fV3Vja2VydDE2QGhvdG1haWwuY29tIiwiZXhwIjoxNzA5NzkyNzI5fQ.KYLTw3UZ5-QkkQp_l_TMs-IQBGC4vDLGg_TN5CCMhMY
				Accept=*/*
				Content-Type=application/json
Cookies:		<none>
Multiparts:		<none>
Body:
{
    "balance": 1000,
    "account_name": "accountName"
}
Request method:	DELETE
Request URI:	https://bankground.apimate.eu/accounts/370
Proxy:			<none>
Request params:	<none>
Query params:	<none>
Form params:	<none>
Path params:	<none>
Headers:		Authorization=Bearer eyJhbGciOiJIUzI1NiIsInR5cCI6IkpXVCJ9.eyJzdWIiOiJGbGF2aW9fV3Vja2VydDE2QGhvdG1haWwuY29tIiwiZXhwIjoxNzA5NzkyNzMxfQ.YR0n8nVQWSdzYl3nsurY6BPOn-NBwfYjrYTdNmKNkXk
				Accept=*/*
				Content-Type=application/json
Cookies:		<none>
Multiparts:		<none>
Body:			<none>
Request method:	GET
Request URI:	https://bankground.apimate.eu/accounts/370
Proxy:			<none>
Request params:	<none>
Query params:	<none>
Form params:	<none>
Path params:	<none>
Headers:		Authorization=Bearer eyJhbGciOiJIUzI1NiIsInR5cCI6IkpXVCJ9.eyJzdWIiOiJGbGF2aW9fV3Vja2VydDE2QGhvdG1haWwuY29tIiwiZXhwIjoxNzA5NzkyNzMyfQ.5mIFR-XxBU1Y1dbaIT6bw0hvogmBAQJR0-Eaii7WgV0
				Accept=*/*
				Content-Type=application/json
Cookies:		<none>
Multiparts:		<none>
Body:			<none>
]]></system-out>
  <system-err><![CDATA[]]></system-err>
</testsuite>
