<?xml version="1.0" encoding="UTF-8"?>
<testsuite name="ryanchelseapartoneapi.tests.transactions.CreateTransaction" tests="1" skipped="0" failures="0" errors="0" timestamp="2024-03-08T06:26:44" hostname="CHELSEAL-LP" time="2.851">
  <properties/>
  <testcase name="createTransaction" classname="ryanchelseapartoneapi.tests.transactions.CreateTransaction" time="2.851"/>
  <system-out><![CDATA[Request method:	POST
Request URI:	https://bankground.apimate.eu/accounts
Proxy:			<none>
Request params:	<none>
Query params:	<none>
Form params:	<none>
Path params:	<none>
Headers:		Authorization=Bearer eyJhbGciOiJIUzI1NiIsInR5cCI6IkpXVCJ9.eyJzdWIiOiJGbGF2aW9fV3Vja2VydDE2QGhvdG1haWwuY29tIiwiZXhwIjoxNzA5OTY1NjA1fQ.kIKzfd6POMib-WMUvpeUc6o2HqsgtSXfX9ncKPHNd_U
				Accept=*/*
				Content-Type=application/json
Cookies:		<none>
Multiparts:		<none>
Body:
{
    "balance": 1000,
    "account_name": "accountName"
}
Request method:	POST
Request URI:	https://bankground.apimate.eu/accounts/377/transactions
Proxy:			<none>
Request params:	<none>
Query params:	<none>
Form params:	<none>
Path params:	<none>
Headers:		Authorization=Bearer eyJhbGciOiJIUzI1NiIsInR5cCI6IkpXVCJ9.eyJzdWIiOiJGbGF2aW9fV3Vja2VydDE2QGhvdG1haWwuY29tIiwiZXhwIjoxNzA5OTY1NjA2fQ.yJzWv8roQwunB3YV6_7OtT0tHKlQIQCfxWMKfPRjXes
				Accept=*/*
				Content-Type=application/json
Cookies:		<none>
Multiparts:		<none>
Body:
{
    "note": "Salary",
    "amount": 100,
    "counterparty_name": "Susan White",
    "counterparty_iban": "NL91ABNA0417164300"
}
]]></system-out>
  <system-err><![CDATA[]]></system-err>
</testsuite>
