<?xml version="1.0" encoding="UTF-8"?>
<testsuite name="ryanchelseapartoneapi.tests.accounts.DeleteAccount" tests="1" skipped="0" failures="0" errors="0" timestamp="2024-03-08T06:26:34" hostname="CHELSEAL-LP" time="4.785">
  <properties/>
  <testcase name="deleteAccount" classname="ryanchelseapartoneapi.tests.accounts.DeleteAccount" time="4.785"/>
  <system-out><![CDATA[Request method:	POST
Request URI:	https://bankground.apimate.eu/accounts
Proxy:			<none>
Request params:	<none>
Query params:	<none>
Form params:	<none>
Path params:	<none>
Headers:		Authorization=Bearer eyJhbGciOiJIUzI1NiIsInR5cCI6IkpXVCJ9.eyJzdWIiOiJGbGF2aW9fV3Vja2VydDE2QGhvdG1haWwuY29tIiwiZXhwIjoxNzA5OTY1NTk1fQ.p-HyYYNjWmy8WolKXgeBeWRAiN2qnqTxtIuFoHM50hU
				Accept=*/*
				Content-Type=application/json
Cookies:		<none>
Multiparts:		<none>
Body:
{
    "balance": 1000,
    "account_name": "accountName"
}
Request method:	DELETE
Request URI:	https://bankground.apimate.eu/accounts/375
Proxy:			<none>
Request params:	<none>
Query params:	<none>
Form params:	<none>
Path params:	<none>
Headers:		Authorization=Bearer eyJhbGciOiJIUzI1NiIsInR5cCI6IkpXVCJ9.eyJzdWIiOiJGbGF2aW9fV3Vja2VydDE2QGhvdG1haWwuY29tIiwiZXhwIjoxNzA5OTY1NTk3fQ.V8p6yY4sWOc2K_kCz1eK1mTl5VMi3G1Hxve3ppSu8-A
				Accept=*/*
				Content-Type=application/json
Cookies:		<none>
Multiparts:		<none>
Body:			<none>
Request method:	GET
Request URI:	https://bankground.apimate.eu/accounts/375
Proxy:			<none>
Request params:	<none>
Query params:	<none>
Form params:	<none>
Path params:	<none>
Headers:		Authorization=Bearer eyJhbGciOiJIUzI1NiIsInR5cCI6IkpXVCJ9.eyJzdWIiOiJGbGF2aW9fV3Vja2VydDE2QGhvdG1haWwuY29tIiwiZXhwIjoxNzA5OTY1NTk4fQ.3GbWUe8KWSJ_Rh6ug41hnipAdjSO1MGhNb-l1p9uS5U
				Accept=*/*
				Content-Type=application/json
Cookies:		<none>
Multiparts:		<none>
Body:			<none>
]]></system-out>
  <system-err><![CDATA[]]></system-err>
</testsuite>
