<?xml version="1.0" encoding="UTF-8"?>
<testsuite name="ryanchelseapartoneapi.tests.accounts.GetAccountDetails" tests="1" skipped="0" failures="0" errors="0" timestamp="2024-03-08T06:26:39" hostname="CHELSEAL-LP" time="3.277">
  <properties/>
  <testcase name="viewAccountDetails" classname="ryanchelseapartoneapi.tests.accounts.GetAccountDetails" time="3.277"/>
  <system-out><![CDATA[Request method:	POST
Request URI:	https://bankground.apimate.eu/accounts
Proxy:			<none>
Request params:	<none>
Query params:	<none>
Form params:	<none>
Path params:	<none>
Headers:		Authorization=Bearer eyJhbGciOiJIUzI1NiIsInR5cCI6IkpXVCJ9.eyJzdWIiOiJGbGF2aW9fV3Vja2VydDE2QGhvdG1haWwuY29tIiwiZXhwIjoxNzA5OTY1NjAwfQ.OCJHf87E96WmeJ-246unv_kKXVQmkfibq7E6JIJB7uo
				Accept=*/*
				Content-Type=application/json
Cookies:		<none>
Multiparts:		<none>
Body:
{
    "balance": 1000,
    "account_name": "accountName"
}
Request method:	GET
Request URI:	https://bankground.apimate.eu/accounts/376
Proxy:			<none>
Request params:	<none>
Query params:	<none>
Form params:	<none>
Path params:	<none>
Headers:		Authorization=Bearer eyJhbGciOiJIUzI1NiIsInR5cCI6IkpXVCJ9.eyJzdWIiOiJGbGF2aW9fV3Vja2VydDE2QGhvdG1haWwuY29tIiwiZXhwIjoxNzA5OTY1NjAxfQ.dgwjNfHVeFeBrZF2h-yMOtI8jL0vBI3BSDEp5ic1I_s
				Accept=*/*
				Content-Type=application/json
Cookies:		<none>
Multiparts:		<none>
Body:			<none>
]]></system-out>
  <system-err><![CDATA[]]></system-err>
</testsuite>
