<?xml version="1.0" encoding="UTF-8"?>
<testsuite name="ryanchelseapartoneapi.tests.transactions.GetAccountTransactions" tests="1" skipped="0" failures="0" errors="0" timestamp="2024-03-08T06:26:47" hostname="CHELSEAL-LP" time="4.347">
  <properties/>
  <testcase name="viewAccountTransactions" classname="ryanchelseapartoneapi.tests.transactions.GetAccountTransactions" time="4.347"/>
  <system-out><![CDATA[Request method:	POST
Request URI:	https://bankground.apimate.eu/accounts
Proxy:			<none>
Request params:	<none>
Query params:	<none>
Form params:	<none>
Path params:	<none>
Headers:		Authorization=Bearer eyJhbGciOiJIUzI1NiIsInR5cCI6IkpXVCJ9.eyJzdWIiOiJGbGF2aW9fV3Vja2VydDE2QGhvdG1haWwuY29tIiwiZXhwIjoxNzA5OTY1NjA3fQ.dEtBYIAnKao05BgBdSTeGF8jFDu-S9E3E4FMpJHhzxw
				Accept=*/*
				Content-Type=application/json
Cookies:		<none>
Multiparts:		<none>
Body:
{
    "balance": 1000,
    "account_name": "accountName"
}
Request method:	POST
Request URI:	https://bankground.apimate.eu/accounts/378/transactions
Proxy:			<none>
Request params:	<none>
Query params:	<none>
Form params:	<none>
Path params:	<none>
Headers:		Authorization=Bearer eyJhbGciOiJIUzI1NiIsInR5cCI6IkpXVCJ9.eyJzdWIiOiJGbGF2aW9fV3Vja2VydDE2QGhvdG1haWwuY29tIiwiZXhwIjoxNzA5OTY1NjA5fQ.EOczMsaoMIbPpBpMABy52GF16M8AHjnObOczdm0a1P8
				Accept=*/*
				Content-Type=application/json
Cookies:		<none>
Multiparts:		<none>
Body:
{
    "note": "Salary",
    "amount": 100,
    "counterparty_name": "Susan White",
    "counterparty_iban": "NL91ABNA0417164300"
}
]]></system-out>
  <system-err><![CDATA[]]></system-err>
</testsuite>
