<?xml version="1.0" encoding="UTF-8"?>
<testsuite name="ryanchelseapartoneapi.tests.transactions.GetAccountTransactions" tests="1" skipped="0" failures="0" errors="0" timestamp="2024-03-06T06:25:40" hostname="CHELSEAL-LP" time="4.18">
  <properties/>
  <testcase name="viewAccountTransactions" classname="ryanchelseapartoneapi.tests.transactions.GetAccountTransactions" time="4.18"/>
  <system-out><![CDATA[Request method:	POST
Request URI:	https://bankground.apimate.eu/accounts
Proxy:			<none>
Request params:	<none>
Query params:	<none>
Form params:	<none>
Path params:	<none>
Headers:		Authorization=Bearer eyJhbGciOiJIUzI1NiIsInR5cCI6IkpXVCJ9.eyJzdWIiOiJGbGF2aW9fV3Vja2VydDE2QGhvdG1haWwuY29tIiwiZXhwIjoxNzA5NzkyNzQxfQ.gKi7ysDnKBKhaHe-OBBib6Ny8AdjM5EeAnfIob_qndY
				Accept=*/*
				Content-Type=application/json
Cookies:		<none>
Multiparts:		<none>
Body:
{
    "balance": 1000,
    "account_name": "accountName"
}
Request method:	POST
Request URI:	https://bankground.apimate.eu/accounts/373/transactions
Proxy:			<none>
Request params:	<none>
Query params:	<none>
Form params:	<none>
Path params:	<none>
Headers:		Authorization=Bearer eyJhbGciOiJIUzI1NiIsInR5cCI6IkpXVCJ9.eyJzdWIiOiJGbGF2aW9fV3Vja2VydDE2QGhvdG1haWwuY29tIiwiZXhwIjoxNzA5NzkyNzQyfQ.2X_Gu6sEq4EWUzSmv34boEG3Z_2Js2pttiZC0thlxXc
				Accept=*/*
				Content-Type=application/json
Cookies:		<none>
Multiparts:		<none>
Body:
{
    "note": "Salary",
    "amount": 100,
    "counterparty_name": "Susan White",
    "counterparty_iban": "NL91ABNA0417164300"
}
Request method:	GET
Request URI:	https://bankground.apimate.eu/accounts/373/transactions/189
Proxy:			<none>
Request params:	<none>
Query params:	<none>
Form params:	<none>
Path params:	<none>
Headers:		Authorization=Bearer eyJhbGciOiJIUzI1NiIsInR5cCI6IkpXVCJ9.eyJzdWIiOiJGbGF2aW9fV3Vja2VydDE2QGhvdG1haWwuY29tIiwiZXhwIjoxNzA5NzkyNzQ0fQ.qIqn9WArSsVhmelBwc4AzgNWqILnHpCy-nFGd1-_2og
				Accept=*/*
				Content-Type=application/json
Cookies:		<none>
Multiparts:		<none>
Body:			<none>
]]></system-out>
  <system-err><![CDATA[]]></system-err>
</testsuite>
