<?xml version="1.0" encoding="UTF-8"?>
<testsuite name="ryanchelseapartoneapi.tests.users.GetUser" tests="1" skipped="0" failures="0" errors="0" timestamp="2024-03-11T05:48:15" hostname="CHELSEAL-LP" time="4.987">
  <properties/>
  <testcase name="getCurrentUser" classname="ryanchelseapartoneapi.tests.users.GetUser" time="4.987"/>
  <system-out><![CDATA[]]></system-out>
  <system-err><![CDATA[]]></system-err>
</testsuite>
